{
  "RSpec": {
    "coverage": {
      "/home/jessi/advanced_final/spec/takebook_spec.rb": {
        "lines": [
          1,
          1,
          null,
          1,
          null,
          1,
          9,
          9,
          9,
          null,
          null,
          6,
          6,
          6,
          6,
          5,
          4,
          1,
          null,
          1,
          1,
          1,
          1,
          null,
          1,
          1,
          1,
          null,
          1,
          1,
          1,
          null,
          1,
          1,
          1,
          null,
          null,
          1,
          1,
          1,
          1,
          1,
          1,
          1,
          1,
          1,
          null,
          1,
          1,
          1,
          1,
          1,
          1,
          1,
          1,
          1,
          null,
          null,
          null,
          1,
          1,
          1,
          1,
          1,
          1,
          1,
          1,
          1,
          1,
          null,
          1,
          1,
          1,
          1,
          1,
          1,
          1,
          1,
          null,
          1,
          1,
          1,
          1,
          1,
          1,
          1,
          null,
          null,
          null,
          null
        ]
      },
      "/home/jessi/advanced_final/command/takebook.rb": {
        "lines": [
          1,
          1,
          1,
          1,
          null,
          1,
          null,
          null,
          1,
          9,
          4,
          null,
          null,
          5,
          null,
          5,
          5,
          null,
          5,
          null,
          5,
          2,
          null,
          null,
          3,
          null,
          null,
          1,
          3,
          3,
          0,
          null,
          null,
          3,
          3,
          null,
          null
        ]
      },
      "/home/jessi/advanced_final/command/command.rb": {
        "lines": [
          1,
          null,
          1,
          0,
          null,
          null,
          1,
          0,
          null,
          null,
          1,
          67,
          null,
          null
        ]
      },
      "/home/jessi/advanced_final/library.rb": {
        "lines": [
          1,
          null,
          1,
          1,
          null,
          1,
          null,
          1,
          5,
          5,
          5,
          5,
          5,
          null,
          null,
          1,
          9,
          9,
          null,
          null,
          1,
          5,
          5,
          5,
          null,
          null,
          null,
          1,
          27,
          null,
          null,
          1,
          3,
          3,
          1,
          null,
          2,
          2,
          null,
          null,
          null,
          1,
          5,
          2,
          null,
          3,
          null,
          null,
          1,
          55,
          null,
          null,
          null
        ]
      },
      "/home/jessi/advanced_final/index_to_booklocation_adapter.rb": {
        "lines": [
          1,
          null,
          1,
          3,
          3,
          null,
          null
        ]
      },
      "/home/jessi/advanced_final/book.rb": {
        "lines": [
          1,
          1,
          1,
          22,
          22,
          22,
          null,
          null
        ]
      },
      "/home/jessi/advanced_final/booklocation_to_index_adapter.rb": {
        "lines": [
          1,
          null,
          1,
          5,
          5,
          5,
          5,
          null,
          null
        ]
      },
      "/home/jessi/advanced_final/main.rb": {
        "lines": [
          1,
          1,
          1,
          1,
          null,
          1,
          1,
          null,
          1,
          9,
          null,
          null,
          1,
          27,
          27,
          27,
          null,
          null,
          1,
          27,
          27,
          27,
          27,
          null,
          null,
          null
        ]
      },
      "/home/jessi/advanced_final/command/librarycommand.rb": {
        "lines": [
          1,
          1,
          null,
          1,
          1,
          9,
          9,
          9,
          null,
          null,
          1,
          27,
          null,
          null
        ]
      },
      "/home/jessi/advanced_final/command/build.rb": {
        "lines": [
          1,
          1,
          null,
          1,
          null,
          1,
          5,
          0,
          null,
          5,
          15,
          0,
          null,
          null,
          5,
          5,
          0,
          null,
          5,
          5,
          5,
          5,
          null,
          null,
          1,
          5,
          5,
          5,
          0,
          null,
          null,
          5,
          null,
          5,
          null,
          null,
          1,
          5,
          5,
          5,
          null,
          5,
          null,
          null
        ]
      },
      "/home/jessi/advanced_final/command/putbook.rb": {
        "lines": [
          1,
          1,
          1,
          null,
          1,
          null,
          null,
          null,
          null,
          null,
          1,
          22,
          0,
          null,
          22,
          22,
          22,
          22,
          0,
          null,
          null,
          22,
          null,
          null,
          1,
          22,
          22,
          0,
          null,
          22,
          22,
          22,
          null,
          22,
          22,
          22,
          29,
          29,
          29,
          29,
          22,
          22,
          22,
          null,
          7,
          null,
          29,
          22,
          null,
          7,
          null,
          null,
          22,
          null,
          null
        ]
      }
    },
    "timestamp": 1614441520
  }
}
