{
  "RSpec": {
    "coverage": {
      "/home/jessi/advanced_final/spec/main_spec.rb": {
        "lines": [
          1,
          null,
          1,
          1,
          null,
          null,
          null,
          null,
          1,
          1,
          1,
          null,
          1,
          1,
          1,
          null,
          1,
          1,
          1,
          null,
          1,
          1,
          1,
          null,
          1,
          1,
          1,
          null,
          1,
          1,
          1,
          null,
          null,
          null
        ]
      },
      "/home/jessi/advanced_final/main.rb": {
        "lines": [
          1,
          null,
          1,
          6,
          6,
          6,
          6,
          6,
          3,
          null,
          3,
          7,
          1,
          null,
          null,
          2,
          2,
          1,
          null,
          1,
          1,
          null,
          0,
          null,
          null,
          null,
          null,
          1,
          1,
          null,
          1
        ]
      },
      "/home/jessi/advanced_final/library.rb": {
        "lines": [
          null,
          1,
          1,
          null,
          1,
          1,
          1,
          1,
          null,
          null,
          1,
          1,
          null,
          null
        ]
      }
    },
    "timestamp": 1612854986
  }
}
